<?xml version="1.0" encoding="UTF-8"?>
<testng-results ignored="0" total="1" passed="1" failed="0" skipped="0">
  <reporter-output>
    <line>
      <![CDATA[create customer]]>
    </line>
  </reporter-output>
  <suite started-at="2024-08-25T11:18:34 IST" name="Default suite" finished-at="2024-08-25T11:18:35 IST" duration-ms="132">
    <groups>
    </groups>
    <test started-at="2024-08-25T11:18:34 IST" name="Default test" finished-at="2024-08-25T11:18:35 IST" duration-ms="132">
      <class name="com.Actitime.Testscripts.CustomerTest">
        <test-method signature="Create()[pri:0, instance:com.Actitime.Testscripts.CustomerTest@1af2d44a]" started-at="2024-08-25T11:18:34 IST" name="Create" finished-at="2024-08-25T11:18:34 IST" duration-ms="24" status="PASS">
          <reporter-output>
            <line>
              <![CDATA[create customer]]>
            </line>
          </reporter-output>
        </test-method> <!-- Create -->
      </class> <!-- com.Actitime.Testscripts.CustomerTest -->
    </test> <!-- Default test -->
  </suite> <!-- Default suite -->
</testng-results>
